<?xml version="1.0" encoding="UTF-8"?>
<testsuite xmlns:xsi="http://www.w3.org/2001/XMLSchema-instance" xsi:noNamespaceSchemaLocation="https://maven.apache.org/surefire/maven-surefire-plugin/xsd/surefire-test-report.xsd" name="za.ac.cput.calculator.CalculateTest" time="0.501" tests="1" errors="0" skipped="0" failures="1">
  <properties>
[...]
</properties>
  <testcase name="testSomeMethod" classname="za.ac.cput.calculator.CalculateTest" time="0.052">
    <failure message="The test case is a prototype." type="java.lang.AssertionError">java.lang.AssertionError: The test case is a prototype.
	at za.ac.cput.calculator.CalculateTest.testSomeMethod(CalculateTest.java:48)
</failure>
  </testcase>
</testsuite>